Build started 12/12/2015 23:59:58.
     1>Project "C:\Users\Ashley\Desktop\CompSci\Software-Engineering\p2a\p2a\p2a.vcxproj" on node 2 (Build target(s)).
     1>ClCompile:
         C:\Program Files (x86)\Microsoft Visual Studio 14.0\VC\bin\CL.exe /c /ZI /nologo /W3 /WX- /sdl /Od /Oy- /D WIN32 /D _DEBUG /D _CONSOLE /D _UNICODE /D UNICODE /Gm /EHsc /RTC1 /MDd /GS /fp:precise /Zc:wchar_t /Zc:forScope /Zc:inline /Yu"stdafx.h" /Fp"Debug\p2a.pch" /Fo"Debug\\" /Fd"Debug\vc140.pdb" /Gd /TP /analyze- /errorReport:prompt p2a.cpp
         p2a.cpp
     1>c:\users\ashley\desktop\compsci\software-engineering\p2a\p2a\p2a.cpp(40): warning C4018: '<': signed/unsigned mismatch
     1>c:\users\ashley\desktop\compsci\software-engineering\p2a\p2a\p2a.cpp(24): fatal error C1075: the left brace '{' was unmatched at the end of the file
     1>Done Building Project "C:\Users\Ashley\Desktop\CompSci\Software-Engineering\p2a\p2a\p2a.vcxproj" (Build target(s)) -- FAILED.

Build FAILED.

Time Elapsed 00:00:00.32
